<?xml version="1.0"?>
<!--Phoronix Test Suite v10.8.4-->
<PhoronixTestSuite>
  <TestInformation>
    <Title>Disk</Title>
    <AppVersion>1.0.0</AppVersion>
    <Description>This is a disk benchmark to measure I/O latency performance, using fio.</Description>
    <ResultScale>Events Per Second</ResultScale>
    <Proportion>HIB</Proportion>
    <TimesToRun>1</TimesToRun>
  </TestInformation>
  <TestProfile>
    <Version>1.0.0</Version>
    <SupportedPlatforms>Linux</SupportedPlatforms>
    <SoftwareType>Utility</SoftwareType>
    <TestType>System</TestType>
    <License>Free</License>
    <Status>Verified</Status>
    <EnvironmentSize>0.01</EnvironmentSize>
    <Maintainer>Savoir-faire Linux</Maintainer>
  </TestProfile>
  <TestSettings>
    <Default>
      <AllowCacheShare>TRUE</AllowCacheShare>
    </Default>
    <Option>
      <DisplayName>Time to run</DisplayName>
      <Identifier>time_to_run</Identifier>
      <ArgumentPrefix>--runtime=</ArgumentPrefix>
      <Menu>
        <Entry>
          <Name>Default</Name>
          <Value>$time_to_run</Value>
        </Entry>
      </Menu>
    </Option>
  </TestSettings>
</PhoronixTestSuite>
