<?xml version="1.0"?>
<!--Phoronix Test Suite v4.2.0m2 (Randaberg)-->
<PhoronixTestSuite>
  <TestInformation>
    <Title>Cyclictest</Title>
    <AppVersion>0.84</AppVersion>
    <Description>Cyclictest is a high-resolution test program for measuring the Linux kernel latencies.</Description>
    <ResultScale>ms Average</ResultScale>
    <Proportion>LIB</Proportion>
    <TimesToRun>1</TimesToRun>
  </TestInformation>
  <TestProfile>
    <Version>1.0.0</Version>
    <SupportedPlatforms>Linux</SupportedPlatforms>
    <SoftwareType>Utility</SoftwareType>
    <TestType>System</TestType>
    <License>Free</License>
    <Status>Verified</Status>
    <RequiresRoot>TRUE</RequiresRoot>
    <EnvironmentSize>1</EnvironmentSize>
    <ProjectURL>http://rt.wiki.kernel.org/index.php/Cyclictest</ProjectURL>
    <Maintainer>Michael Larabel</Maintainer>
  </TestProfile>
  <TestSettings>
    <Default>
      <Arguments>-q</Arguments>
    </Default>
    <Option>
      <DisplayName>Test Case</DisplayName>
      <Identifier>test-case</Identifier>
      <Menu>
        <Entry>
          <Name>Time based</Name>
          <Value>-D $time_to_run</Value>
        </Entry>
        <Entry>
          <Name>clock_nanosleep TIME_ABSTIME, Interval 10000 ms, 10000 Loops</Name>
          <Value>-t1 -p 80 -i 10000 -l 10000</Value>
        </Entry>
      </Menu>
    </Option>
  </TestSettings>
</PhoronixTestSuite>
