<?xml version="1.0"?>
<!--Phoronix Test Suite v10.8.4-->
<PhoronixTestSuite>
  <TestInformation>
    <Title>VM migration</Title>
    <AppVersion>1.0.0</AppVersion>
    <Description>This test measure the performance of VM migration between two hypervisors.</Description>
    <ResultScale>seconds</ResultScale>
    <Proportion>LIB</Proportion>
    <SubTitle>VM migration time</SubTitle>
    <TimesToRun>1</TimesToRun>
  </TestInformation>
  <TestProfile>
    <Version>1.0.0</Version>
    <SupportedPlatforms>Linux</SupportedPlatforms>
    <SoftwareType>Utility</SoftwareType>
    <TestType>System</TestType>
    <License>Free</License>
    <Status>Verified</Status>
    <EnvironmentSize>0.01</EnvironmentSize>
    <Maintainer>Savoir-faire Linux</Maintainer>
  </TestProfile>
  <TestSettings>
    <Option>
      <DisplayName>Resource to migrate</DisplayName>
      <Identifier>resource</Identifier>
      <Menu>
        <Entry>
          <Name>Resource</Name>
          <Value>$resource</Value>
        </Entry>
      </Menu>
    </Option>
    <Option>
      <DisplayName>Migration iterations</DisplayName>
      <Identifier>iterations</Identifier>
      <Menu>
        <Entry>
          <Name>Iterations</Name>
          <Value>$iterations</Value>
        </Entry>
      </Menu>
    </Option>
  </TestSettings>
</PhoronixTestSuite>
