<?xml version="1.0"?>
<!--Phoronix Test Suite v4.2.0m2 (Randaberg)-->
<PhoronixTestSuite>
  <TestInformation>
    <Title>Cyclictest</Title>
    <AppVersion>0.84</AppVersion>
    <Description>Cyclictest is a high-resolution test program for measuring the Linux kernel latencies.</Description>
    <ResultScale>ms Average</ResultScale>
    <Proportion>LIB</Proportion>
    <TimesToRun>3</TimesToRun>
  </TestInformation>
  <TestProfile>
    <Version>1.0.0</Version>
    <SupportedPlatforms>Linux</SupportedPlatforms>
    <SoftwareType>Utility</SoftwareType>
    <TestType>System</TestType>
    <License>Free</License>
    <Status>Verified</Status>
    <ExternalDependencies>build-utilities, numa-development</ExternalDependencies>
    <RequiresRoot>TRUE</RequiresRoot>
    <EnvironmentSize>1</EnvironmentSize>
    <ProjectURL>http://rt.wiki.kernel.org/index.php/Cyclictest</ProjectURL>
    <Maintainer>Michael Larabel</Maintainer>
  </TestProfile>
  <TestSettings>
    <Default>
      <Arguments>-q</Arguments>
    </Default>
  </TestSettings>
</PhoronixTestSuite>
