<?xml version="1.0"?>
<!--Phoronix Test Suite v10.8.4-->
<PhoronixTestSuite>
  <TestInformation>
    <Title>VM migration</Title>
    <AppVersion>1.0.0</AppVersion>
    <Description>This test measure the performance of VM migration between two hypervisors.</Description>
    <ResultScale>seconds</ResultScale>
    <Proportion>LIB</Proportion>
    <SubTitle>VM migration time</SubTitle>
    <TimesToRun>1</TimesToRun>
  </TestInformation>
  <TestProfile>
    <Version>1.0.0</Version>
    <SupportedPlatforms>Linux</SupportedPlatforms>
    <SoftwareType>Utility</SoftwareType>
    <TestType>System</TestType>
    <License>Free</License>
    <Status>Verified</Status>
    <EnvironmentSize>0.01</EnvironmentSize>
    <Maintainer>Savoir-faire Linux</Maintainer>
  </TestProfile>
  <TestSettings>
    <Default>
      <Arguments>5</Arguments>
    </Default>
    </TestSettings>
</PhoronixTestSuite>
