<?xml version="1.0"?>
<!--Phoronix Test Suite v10.8.4-->
<PhoronixTestSuite>
  <TestInformation>
    <Title>Process monitoring</Title>
    <Description>This test monitors CPU utilization of selected process.</Description>
    <DisplayFormat>PASS_FAIL</DisplayFormat>
    <TimesToRun>1</TimesToRun>
  </TestInformation>
  <TestProfile>
    <Version>1.0.0</Version>
    <SupportedPlatforms>Linux</SupportedPlatforms>
    <SoftwareType>Utility</SoftwareType>
    <TestType>System</TestType>
    <License>Free</License>
    <Status>Verified</Status>
    <EnvironmentSize>0.01</EnvironmentSize>
    <Maintainer>Savoir-faire Linux</Maintainer>
  </TestProfile>
</PhoronixTestSuite>
